<?xml version="1.0" encoding="UTF-8"?>
<!-- Generated by org.testng.reporters.JUnitXMLReporter -->
<testsuite ignored="0" hostname="DESKTOP-ST1T949" failures="1" tests="3" name="ErrorValidationTest" time="21.979" errors="0" timestamp="2024-07-05T19:20:36 IST">
  <testcase classname="rsa.pageobjects.ErrorValidationTest" name="loginErrorValidation" time="1.378">
    <skipped/>
  </testcase> <!-- loginErrorValidation -->
  <testcase classname="rsa.pageobjects.ErrorValidationTest" name="loginErrorValidation" time="1.285">
    <failure type="java.lang.AssertionError" message="expected [Incorrect emil or password.] but found [Incorrect email or password.]">
      <![CDATA[java.lang.AssertionError: expected [Incorrect emil or password.] but found [Incorrect email or password.]
at rsa.pageobjects.ErrorValidationTest.loginErrorValidation(ErrorValidationTest.java:15)
at java.base/java.util.ArrayList.forEach(ArrayList.java:1596)
at java.base/java.util.concurrent.FutureTask.run(FutureTask.java:317)
at java.base/java.util.concurrent.ThreadPoolExecutor.runWorker(ThreadPoolExecutor.java:1144)
at java.base/java.util.concurrent.ThreadPoolExecutor$Worker.run(ThreadPoolExecutor.java:642)
at java.base/java.lang.Thread.run(Thread.java:1583)
... Removed 21 stack frames]]>
    </failure>
  </testcase> <!-- loginErrorValidation -->
  <testcase classname="rsa.pageobjects.ErrorValidationTest" name="productValidationTest" time="8.676"/>
</testsuite> <!-- ErrorValidationTest -->
