<?xml version="1.0" encoding="UTF-8"?>
<!-- Generated by org.testng.reporters.JUnitXMLReporter -->
<testsuite ignored="0" hostname="DESKTOP-ST1T949" failures="0" tests="3" name="SubmitOrderTest" time="24.982" errors="0" timestamp="2024-07-05T19:20:39 IST">
  <testcase classname="rsa.pageobjects.RsaCode" name="SubmitOrder" time="10.594"/>
  <testcase classname="rsa.pageobjects.RsaCode" name="SubmitOrder" time="3.465"/>
  <testcase classname="rsa.pageobjects.RsaCode" name="verifyOrder" time="0.628"/>
</testsuite> <!-- SubmitOrderTest -->
